mode: atomic
github.com/micnncim/golaunch/util/app.go:39.71,43.35 3 3
github.com/micnncim/golaunch/util/app.go:72.2,72.46 1 3
github.com/micnncim/golaunch/util/app.go:43.35,51.17 8 4
github.com/micnncim/golaunch/util/app.go:55.3,58.66 3 4
github.com/micnncim/golaunch/util/app.go:62.3,62.31 1 4
github.com/micnncim/golaunch/util/app.go:67.3,69.26 2 3
github.com/micnncim/golaunch/util/app.go:51.17,53.12 2 0
github.com/micnncim/golaunch/util/app.go:58.66,60.12 2 0
github.com/micnncim/golaunch/util/app.go:62.31,64.12 2 1
github.com/micnncim/golaunch/util/app.go:76.63,78.16 2 2
github.com/micnncim/golaunch/util/app.go:82.2,85.12 3 2
github.com/micnncim/golaunch/util/app.go:78.16,80.3 1 0
github.com/micnncim/golaunch/util/app.go:88.66,90.39 2 0
github.com/micnncim/golaunch/util/app.go:97.2,97.12 1 0
github.com/micnncim/golaunch/util/app.go:90.39,92.17 2 0
github.com/micnncim/golaunch/util/app.go:92.17,94.4 1 0
github.com/micnncim/golaunch/util/app.go:100.50,103.16 3 1
github.com/micnncim/golaunch/util/app.go:107.2,107.23 1 1
github.com/micnncim/golaunch/util/app.go:103.16,105.3 1 0
github.com/micnncim/golaunch/util/app.go:110.59,112.16 2 0
github.com/micnncim/golaunch/util/app.go:116.2,117.29 2 0
github.com/micnncim/golaunch/util/app.go:132.2,132.24 1 0
github.com/micnncim/golaunch/util/app.go:112.16,114.3 1 0
github.com/micnncim/golaunch/util/app.go:117.29,120.17 3 0
github.com/micnncim/golaunch/util/app.go:124.3,125.17 2 0
github.com/micnncim/golaunch/util/app.go:129.3,129.45 1 0
github.com/micnncim/golaunch/util/app.go:120.17,122.12 2 0
github.com/micnncim/golaunch/util/app.go:125.17,127.12 2 0
github.com/micnncim/golaunch/util/app.go:135.57,138.28 2 0
github.com/micnncim/golaunch/util/app.go:143.2,146.39 3 0
github.com/micnncim/golaunch/util/app.go:160.2,160.18 1 0
github.com/micnncim/golaunch/util/app.go:138.28,141.3 2 0
github.com/micnncim/golaunch/util/app.go:146.39,151.17 4 0
github.com/micnncim/golaunch/util/app.go:154.3,157.36 3 0
github.com/micnncim/golaunch/util/app.go:151.17,153.4 1 0
github.com/micnncim/golaunch/util/app.go:163.43,166.2 2 0
github.com/micnncim/golaunch/util/app.go:168.46,170.2 1 0
github.com/micnncim/golaunch/util/util.go:10.53,12.16 2 4
github.com/micnncim/golaunch/util/util.go:16.2,17.29 2 4
github.com/micnncim/golaunch/util/util.go:30.2,30.22 1 4
github.com/micnncim/golaunch/util/util.go:12.16,14.3 1 0
github.com/micnncim/golaunch/util/util.go:17.29,20.17 3 8
github.com/micnncim/golaunch/util/util.go:24.3,24.12 1 8
github.com/micnncim/golaunch/util/util.go:20.17,22.12 2 0
github.com/micnncim/golaunch/util/util.go:24.12,27.4 2 6
